[    0.000000] Initializing cgroup subsys cpuset
[    0.0000]Initializing cgroup subsys cpu
[   .000000] Iniializing cgroup ubys cpuacct
[   0.000000] Linux veion 4.4.0-137-genric (build@lw01-am64-037) (gcc version 5.4.0 20160609 (Ubunt 5.4.0-6ubntu116.04.10) )#163-untu SMP Mon S 2 13:14:43 UTC 2018 (Ubnt 4.4.0-137.163-generic 4.4.144)
[    0.000000] Command line: BOT_IMAGE=/boot/mlinuz-4.4.0-137-generic root=LABEL=clouim-rootfs ro onsole=tt1 onsole=ttyS0
[    0.000000] KRNL supported pus:
[   .00000]   Intel GenuineIntel
[    0.00000]   AMDAuhenticAMD
[   .000000]   Centaur CentaurHauls
[    0.000000] x86/fpu: xstate_offset[2]:  576, xstate_sizes[2]:  256
[    0.000000] x86/fpu: Supporting XSAVE feature 0x01: 'x87 floating point registers'
[    0.000000] x86/fpu: Supporting XSAVE feature 0x02: 'SSE registers'
[    0.000000] x86/fpu: Supporting XSAVE feature 0x04: 'AVX registers'
[    0.000000] x86/fpu: Enabled xstate features 0x7, ctext size is 832 bytes, using 'standard' forat.
[   0.000000] e820: BIOSprvided phsical RAM map:
[   .00000] BIOS-e820: [mem 0x0000000000000000-0x000000000009fbff] usable
[    0.000000] BIOS-e820: [mem 0x000000000009c00-x00000000009ffff] reserved
[    0.000000] BIOS-e820: [mem 0x00000000000f0000-0x00000000000fffff] rerved
[   0.00000 BIOS-e820: [mem 0x0000000000100000-0x000000003ffeffff] usable
[    0.000000] BIOS-e820: [mem 0x000000003fff0000-0x000000003fffffff] ACPI data
[    0.000000] BIOS-e820: [mem 0x00000000fec00000-0x00000000fec00fff] reserved
[   .00000] BIOS-e820: [mem 0x00000000fee00000-0x00000000fee00fff reserved
[    0.00000] BIOS-e820: [mem 0x00000000fffc0000-0x00000000ffffffff] reserved
[   .00000] NX (Eecute Disable) protection: active
[    0.000000] SMBIOS 2.5 present.
[    0.000000] Hypervisor detected: KVM
[    0.000000] 82: ast_pfn = 0x3fff0 max_arch_pfn = 0x400000000
[    0.000000] MTRR: Disabled
[   .000000] x86/PAT: MTRRs disabled, skipping PAT initialization too.
[    0.000000] CPU MTRRs all blank - virtualized system.
[    0.000000] x86/PAT: Configuration [0-7]: B WT  UC- U  WB  WT  UC- UC  
[   .00000] found SMP MP-table at [mem 0x0009fff0-0x009ffff] maped t [fff800009fff0]
[    0.000000] Scanning 1 areas for low memory corruption
[    0.000000] RAMDISK: [mem 0x3630e000-0x3717efff]
[    0.000000] ACPI: Early table checksum verification disabled
[    0.000000] ACPI: RSDP 0x00000000000E0000 000024 (v02 VBOX  )
[    0.000000] ACPI: XSDT 0x000000003FFF0030 00003C (v01 VBOX   VBOXXSDT 00000001 ASL  00000061)
[   .000000] ACPI: FACP 0x000000003FFF00F0 0000F4 (v04 VBX  VBOXFACP 0000001 ASL  00000061)
[    .000000] ACI: DSDT 0x000000003FFF0470 0021FF (v02 VBOX   VBOXBIOS 00000002 INTL 20100528)
[    0.000000] ACPI: FACS 0x000000003FFF0200 000040
[    0.000000] ACPI: FACS 0x000000003FFF0200 000040
[    0.000000] ACPI: APIC 0x000000003FFF0240 00005C (v02 VBOX   VBOXAPIC  00000001 ASL  00000061)
[    0.000000] ACPI: SSDT 0x000000003FFF02A0 0001CC (v01 VBOX   VBOXCPUT 00000002 INTL 20100528)
[    0.000000] No NUMA configuration found
[    0.000000] Faking a node at [mem 0x0000000000000000-0x000000003ffeffff]
[    0.000000] NODE_DATA(0) allocated [mem 0x3ffeb000-0x3ffeffff]
[    0.000000] kvm-clock: Using msrs 4b564d01 and 4b564d00
[    0.000000] kvm-clock: cpu 0, msr 0:3ffe3001, primary cpu clock
[    0.000000] kvm-clock: using sched offset of 3696606774 cycles
[    0.000000] clocksource: kvm-clock: mask: 0xffffffffffffffff max_cycles: 0x1cd42e4dffb, max_idle_ns: 881590591483 ns
[    0.000000] Zone ranges:
[    0.000000]   DMA      [mem 0x000000000001000-0x0000000000ffffff]
[    0.000000]   DMA32    [mem 0x0000000001000000-0x000000003ffeffff]
[    0.000000]  Normal  empty
[    .00000]   Device   empty
[   0.000000] Movable zone start for each node
[   0.000000 Erly memory node ranges
[    0.000000]   node   0: [mem 0x0000000000001000-0x000000000009efff]
[    0.000000]   nod  0: [mem 0x0000000000100000-0x000000003ffeffff]
[    0.000000] Initmem setup node 0 [mem 0x0000000001000-0x0000003feffff]
[    0.000000] ACPI: PM-Timer IO Port: 0x4008
[    0.00000] OAIC[0]: apic_id 2 vrson 32, address 0xfe00000, GSI 0-23
[   0.000000] ACPI: INT_SRC_OVR (bus 0 bus_irq 0 globa_irq 2 dfl dfl)
   0.000000] ACPI: INT_SRC_OVR(bs  bus_irq 9 global_irq 9 low level)
[    0.000000] Using ACPI (MADT) for SMP configuration information
[    0.000000] smpboot: Allowing 2 CPUs, 0 hotplug CPUs
[   .00000] PM: Registered nosave meor: [mem 0x00000000-000000fff
    0.000000] PM: Registered nosave memory: [mem 0x0009f000-0x0009ffff]
[   0.000000] PMRegistered nosav memor: [mem 0x000a00-0x000fff]
[    0.000000] PM: Registered nosave memory: [mem 0x0000000-0x000fffff]
[   0.000000] e820: [mem 0x40000000-0xfebfffff] available for PCI devices
[   0.000000] Booing paravirtulized kernel on KVM
[    0.000000] clocksource: refined-jiffiesmask: 0xffffffff max_cycles: 0xffffffff, max_idle_ns: 7645519600211568 ns
[    0.000000] setup_percpu: NR_CPUS:512 nr_cpumask_bits:512 nr_cpu_ids:2 nr_node_ids:1
[    0.000000] PERCU: Embedded 34 pages/cpu @ffff880033fc00000 s99608 r8192 d31464 u1048576
[    0.000000] PV qspinlock hash table entries: 256 (order: 0, 4096 bytes)
[    0.000000] Built 1 zoneliss in Node order, mobiity grouping on.  Total pages: 257912
[    0.000000] Policy zone: DMA32
[    0.000000] Kernel command line: BOOT_IMAGE=/boot/vmlinuz-4.4.0-137-genri root=LABEL=cloudimg-rootfs ro console=tty1 coole=ttyS0
[   .00000] PID hash ble entries: 409 (order: 3, 32768 bytes)
[   .00000] Memory: 997716K/1048120K available (8555K kernel code, 1314 rdaa,  404K rodata, 1528 iit, 1316K bss, 50404K reserved, 0Kmareserved)
[   .00000] SLUB: HWalign=64,Orer=0-3, MinObjects0,CPUs=2, Nodes=1
[   0.000000] KernelUs page tables isolation: enabled
[    000000] Hierarchical RCU implementation.
[   .00000] 	Build-time djstment of leaf fanout to 64
[    0.0000] 	RC restricting CPs rom NR_CS=12 to nr_cpu_ids=2.
[    0.000000] RCU: Adjusting geometry for rcu_fanout_leaf=64, nr_cpu_ids=2
[   .000000]NR_IRQS:33024 nr_irqs:440 16
[    0.000000] Console: colour VGA+ 80x25
[    0.000000] console [ttyy1] enabled
[    0.000000] console [ttyS0] enabled
[    0.000000] tsc: Detected 1599.999 MHz processor
[    4.297763] Calibrating delay loop (skipped) preset value.. 3199.99 BogoMIPS (lpj=6399996)
[    4.300754] pid_max: default: 32768 minimum: 301
[    4.302063] ACPI: Core revision 20150930
[    4.304984] ACPI: 2 ACPI AML tables successfully acquied and loadedd
[    4.329263] Security Framework initialized
[    4.334858] Yama: becoming mindful.
[    4.353661] AppArmor: AppArmor initialized
[    4.359091] Dentry cache hash table entries: 131072 (order: 8, 1048576 bytes)
[    4.369913] Inode-cache hash table entries: 65536 (order: 7, 524288 bytes)
[    4.381734] Mount-cache hash table entries: 2048 (order: 2, 16384 bytes)
[    4.397858] Mountpoint-cache hash table entries: 2048 (order: 2, 16384 bytes)
[    4.416146] Initializing cgroup subsys io
[    4.425876] Initializing cgroup subsys memory
[    4.434585] Initializing cgroup subsys devices
[    4.450213] Initializing cgroup subsys freezer
[    4.461749] Initializing cgroup subsys net_cls
[    4.469742] Initializing cgroup subsys perf_event
[    4.475646] Initializing cgroup subsys net_prio
[    4.489727] Initializing cgroup subsys hugetlb
[    4.502287] Initializing cgroup subsys pids
[    4.511256] mce: CPU supports 0 MCE banks
[    4.512752] Last level iTLB entries: 4KB 64, 2MB 8, 4MB 8
[    4.518361] Last level dTLB entries: 4KB 64, 2MB 0, 4MB 0, 1GB 4
[    4.523047] Spectre V2 : Mitigation: Full generic retpoline
[    4.542291] Spectre V2 : Spectre v2 mitigation: Speculation control IBPB not-supported IBRS not-supported
[    4.551241] Spectre V2 : Spectre v2 / SpectreRSB mitigation: Filling RSB on context switch
[    4.557870] Speculative Store Bypass: Vulnerable
[    4.568564] Freeing SMP alternatives memory: 32K
[    4.587902] ftrace: allocating 32265 entries in 127 pages
[    4.664844] smpboot: APIC(0) Converting physical 0 to logical package 0
[    4.677321] smpboot: Max logical packages: 1
[    4.694422] x2apic enabled
[    4.698057] Switched APIC routing to physical x2apic.
[    4.711344] ..TIMER: vector=0x30 apic1=0 pin1=2 apic2=-1 pin2=-1
[    4.837292] smpboot: CPU0: Intel(R) Core(TM) i5-5250U CPU @ 1.60GHz (family: 0x6, model: 0x3d, stepping: 0x4)
[    4.857521] Performance Events: unsupported p6 CPU model 61 no PMU driver, software events only.
[    4.874261] KVM setup paravirtual spinlock
[    4.879187] x86: Booting SMP configuration:
[    4.887430] .... node  #0, CPUs:      #1
[    4.894049] kvm-clock: cpu 1, msr 0:3ffe3041, secondary cpu clock
[    4.896312] mce: CPU supports 0 MCE banks
[    4.899128] x86: Booted up 1 node, 2 CPUs
[    4.909750] smpboot: Total of 2 processors activated (6399.99 BogoMIPS)
[    4.914514] devtmpfs: initialized
[    4.918618] evm: security.selinux
[    4.922625] evm: security.SMACK64
[    4.923702] evm: security.SMACK64EXEC
[    4.928691] evm: security.SMACK64TRANSMUTE
[    4.931066] evm: security.SMACK64MMAP
[    4.933749] evm: security.ima
[    4.934963] evm: security.capability
[    4.938955] clocksource: jiffies: mask: 0xffffffff max_cycles: 0xffffffff, max_idle_ns: 7645041785100000 ns
[    4.948940] futex hash table entries: 512 (order: 3, 32768 bytes)
[    4.964616] pinctrl core: initialized pinctrl subsystem
[    4.967576] RTC time: 16:40:31, date: 10/15/18
[    4.973169] NET: Registered protocol family 16
[    4.994814] cpuidle: using governor ladder
[    5.014453] cpuidle: using governor menu
[    5.018416] PCCT header not found.
[    5.024677] ACPI: bus type PCI registered
[    5.026190] acpiphp: ACPI Hot Plug PCI Controller Driver version: 0.5
[    5.044228] PCI: Using configuration type 1 for base access
[    5.067317] ACPI: Added _OSI(Module Device)
[    5.084466] ACPI: Added _OSI(Processor Device)
[    5.088974] ACPI: Added _OSI(3.0 _SCP Extensions)
[    5.092879] ACPI: Added _OSI(Processor Aggregator Device)
[    5.099456] ACPI: Executed 1 blocks of module-level executable AML code
[    5.119232] ACPI: Interpreter enabled
[    5.122827] ACPI: (supports S0 S5)
[    5.132648] ACPI: Using IOAPIC for interrupt routing
[    5.138527] PCI: Using host bridge windows from ACPI; if necessary, use "pci=nocrs" and report a bug
[    5.150551] ACPI: PCI Root Bridge [PCI0] (domain 0000 [bus 00-ff])
[    5.158894] acpi PNP0A03:00: _OSC: OS supports [ASPM ClockPM Segments MSI]
[    5.166803] acpi PNP0A03:00: _OSC: not requesting OS control; OS requires [ExtendedConfig ASPM ClockPM MSI]
[    5.181199] acpi PNP0A03:00: fail to add MMCONFIG information, can't access extended PCI configuration space under this bridge.
[    5.199055] PCI host bridge to bus 0000:00
[    5.204497] pci_bus 0000:00: root bus resource [io  0x0000-0x0cf7 window]
[    5.207686] pci_bus 0000:00: root bus resource [io  0x0d00-0xffff window]
[    5.214368] pci_bus 0000:00: root bus resource [mem 0x000a0000-0x000bffff window]
[    5.218086] pci_bus 0000:00: root bus resource [mem 0x40000000-0xfdffffff window]
[    5.232925] pci_bus 0000:00: root bus resource [bus 00-ff]
[    5.241742] pci 0000:00:01.1: legacy IDE quirk: reg 0x10: [io  0x01f0-0x01f7]
[    5.256950] pci 0000:00:01.1: legacy IDE quirk: reg 0x14: [io  0x03f6]
[    5.262759] pci 0000:00:01.1: legacy IDE quirk: reg 0x18: [io  0x0170-0x0177]
[    5.272486] pci 0000:00:01.1: legacy IDE quirk: reg 0x1c: [io  0x0376]
[    5.311318] pci 0000:00:07.0: quirk: [io  0x4000-0x403f] claimed by PIIX4 ACPI
[    5.319193] pci 0000:00:07.0: quirk: [io  0x4100-0x410f] claimed by PIIX4 SMB
[    5.341439] ACPI: PCI Interrupt Link [LNKA] (IRQs 5 9 10 *11)
[    5.355221] ACPI: PCI Interrupt Link [LNKB] (IRQs 5 9 *10 11)
[    5.362301] ACPI: PCI Interrupt Link [LNKC] (IRQs 5 *9 10 11)
[    5.380964] ACPI: PCI Interrupt Link [LNKD] (IRQs 5 9 10 *11)
[    5.387017] ACPI: Enabled 2 GPEs in block 00 to 07
[    5.397510] vgaarb: setting as boot device: PCI:0000:00:02.0
[    5.406649] vgaarb: device added: PCI:0000:00:02.0,decodes=io+mem,owns=io+mem,locks=none
[    5.411140] vgaarb: loaded
[    5.414522] vgaarb: bridge control possible 0000:00:02.0
[    5.416619] SCSI subsystem initialized
[    5.418129] ACPI: bus type USB registered
[    5.425253] usbcore: registered new interface driver usbfs
[    5.426836] usbcore: registered new interface driver hub
[    5.428398] usbcore: registered new device driver usb
[    5.432300] PCI: Using ACPI for IRQ routing
[    5.434356] NetLabel: Initializing
[    5.435482] NetLabel:  domain hash size = 128
[    5.436944] NetLabel:  protocols = UNLABELED CIPSOv4
[    5.438536] NetLabel:  unlabeled traffic allowed by default
[    5.440289] amd_nb: Cannot enumerate AMD northbridges
[    5.442122] clocksource: Switched to clocksource kvm-clock
[    5.457980] AppArmor: AppArmor Filesystem Enabled
[    5.60672] pnp: P ACI ni
[   5.642249] pnp: PnP ACPI: found 3 deics
[   5.763765] clocksource: acpi_pm: mask: 0xffffff max_cycles 0fffff, max_idle_ns: 2085701024 ns
[   .886592] NE: Registered protocol fmi 2

[    6.045740] TCP established hash table entries: 8192 (order: 4, 65536 bytes)
[    6.047978] TCP bind hash table entries: 8192 (order: 5, 131072 bytes)
[    6.049946] TCP: Hash tables configured (established 8192 bind 8192)
[    60501] DPhah able entries: 512(order: 2, 16384 byte)
[   .320596] UDP-Lite hash tbl entries: 512 (order: 2, 138 bytes)
[   .480965] NET: Registered protocol family 1
[   6.541145] pci 0000:00:00.0: Limiting direct PCI/PCI transfers
[    6.569265] pci 0000:00:01.0: Actiatin ISA DMA hang workarounds
[    6.646611]Unpacking initramfs...

[    6.962856] Freeing initrd memory: 14788K
[    6.971217] RAPL PMU detected, API unit is 2^-32 Joules, 4 fixed counters 10737418240 ms ovfl timer
[    7.000604] hw unit of domain pp0-core 2^-0 Joules
[    7.006964] hw unit of domain package 2^-0 Joules
[    7.036146] hw unit of domain dram 2^-0 Joules
[    7.041244] hw unit of domain pp1-gpu 2^-0 Joules
[    7.045834] platform rtc_cmos: registered platform RTC device (no PNP device found)
[    7.066653] Scanning for low memory corruption every 60 seconds
[    7.072791] audit: initializing netlink subsys (disabled)
[    7.087799] audit: type=2000 audit(1539621633.892:1): initialized
[    7.106887] Initialise system trusted keyring
[    7.124230] HugeTLB registered 2 MB page size, pre-allocated 0 pages
[    7.14027] zbud: loaded

[    7.171551] VFS: Diskquotas dquot_6.6.0
[   .224995] VFS: Dquot-cache hash table entries:51 (rdr 0, 4096 bytes)
[   .406803] squashfs: vrson4.0 (209/01/1)Phillip Lougher

[   7.642547] fuse init (API version 7.23

[    7.695853] Key type big_key registered
[    7.697146] Allocating IMA MOK and blacklist keyrings.
[    7.701158] Key type asymmetric registered
[    7.702847] Asymmetric key parser 'x509' registered
[    7.704559] Block layer SCSI generic (bsg) driver version 0.4 loaded (major 249)
[    7.707142] io scheduler noop registered
[    7.708573] io scheduler deadline registered (default)
[    7.710013] io scheduler cfq registered
[    7.711330] pci_hotplug: PCI Hot Plug PCI Core version: 0.5
[    7.712815] pciehp: PCI Express Hot Plug Controller Driver version: 0.4
[    7.715416] ACPI: AC Adapter [AC] (on-line)
[    7.716751] input: Power Button as /devices/LNXSYSTM:00/LNXPWRBN:00/input/input0
[    7.733501] ACPI: PowerButton [PWRF]
[    7.820030] npt: Sleep Button as /devicesLNSYTM00LNXSLPBN:00/input/input1
[   8.01712] ACPI:Sleep Button [SLPF]
[   .09684] tsc:Reind TSC clocksource calibation: 1599.681 MHz
[    8.295785] clocksource: tsc: mask: 0xffffffffffffffff max_cycles: 0x170ef7a2805, max_idle_ns: 440795254029 ns
ÿ[   8.297287]ACPI: Bttery Slot [BAT0] (battery present)

[    8.297328] GHES: HEST is not enabled!
[    8.297430] Serial: 8250/16550 driver, 32 ports, IRQ sharing enabled
[    8.322044] 00:02: ttyS0 at I/O 0x3f8 (irq = 4, base_baud = 115200) is a 16550A
[    8.402238] Linux agpgart interface v0.103
[    8.412640] loop: module loaded
[    8.413232] scsi host0: ata_piix
[    8.413292] scsi host1: ata_piix
[    8.413325] ata1: PATA max UDMA/33 cmd 0x1f0 ctl 0x3f6 bmdma 0xd000 irq 14
[    8.413326] ata2: PATA max UDMA/33 cmd 0x170 ctl 0x376 bmdma 0xd008 irq 15
[    8.413406] libphy: Fixed MDIO Bus: probed
[    8.413409] tun: Universal TUN/TAP device driver, 1.6
[    8.413409] tun: (C) 1999-2004 Max Krasnyansky <maxk@qualcomm.com>
[    8.413783] PPP generic driver version 2.4.2
[    8.413842] ehci_hcd: USB 2.0 'Enhanced' Host Controller (EHCI) Driver
[    8.413846] ehci-pci: EHCI PCI platform driver
[    8.413863] ehci-platform: EHCI generic platform driver
[    8.413872] ohci_hcd: USB 1.1 'Open' Host Controller (OHCI) Driver
[    8.413875] ohci-pci: OHCI PCI platform driver
[    8.413884] ohci-platform: OHCI generic platform driver
[    8.413891] uhci_hcd: USB Universal Host Controller Interface driver
[    8.413949] i8042: PNP: PS/2 Controller [PNP0303:PS2K,PNP0f03:PS2M] at 0x60,0x64 irq 1,12
[    8.423757] serio: i8042 KBD port at 0x60,0x64 irq 1
[    8.423764] serio: i8042 AUX port at 0x60,0x64 irq 12
[    8.423965] mousedev: PS/2 mouse device common for all mice
[    8.424329] rtc_cmos rtc_cmos: rtc core: registered rtc_cmos as rtc0
[    8.424418] rtc_cmos rtc_cmos: alarms up to one day, 114 bytes nvram
[    8.424428] i2c /dev entries driver
[    8.424516] device-mapper: uevent: version 1.0.3
[    8.424600] device-mapper: ioctl: 4.34.0-ioctl (2015-10-28) initialised: dm-devel@redhat.com
[    8.424622] ledtrig-cpu: registered to indicate activity on CPUs
[    8.424939] NET: Registered protocol family 10
[    8.425180] NET: Registered protocol family 17
[    8.425193] Key type dns_resolver registered
[    8.425453] registered taskstats version 1
[    8.425467] Loading compiled-in X.509 certificates
[    8.426192] Loaded X.509 cert 'Build time autogenerated kernel key: 20acc96b50ca7641011eace69d32209215a9b56f'
[    8.426212] zswap: loaded using pool lzo/zbud
[    8.427935] Key type trusted registered
[    8.430701] Key type encrypted registered
[    8.430709] AppArmor: AppArmor sha1 policy hashing enabled
[    8.430711] ima: No TPM chip found, activating TPM-bypass!
[    8.430715] ima: Allocated hash algorithm: sha1
[    8.430730] evm: HMAC attrs: 0x1
[    8.431053]   Magic number: 6:980:691
[    8.433160] rtc_cmos rtc_cmos: setting system clock to 2018-10-15 16:40:35 UTC (1539621635)
[    8.433278] BIOS EDD facility v0.16 2004-Jun-25, 0 devices found
[    8.433279] EDD information not available.
[    8.443487] input: AT Translated Set 2 keyboard as /devices/platform/i8042/serio0/input/input2
[    8.600011] Freeing unused kernel memory: 1528K
[    8.626456] Write protecting the kernel read-only data: 14336k
[    8.640656] Freeing unused kernel memory: 1672K
[    8.645657] Freeing unused kernel memory: 92K
Loading, please wait...
starting version[    8.688872] random: systemd-udevd: uninitialized urandom read (16 bytes read, 5 bits of entropy available)
 229
[    8.689645] random: udevadm: uninitialized urandom read (16 bytes read, 5 bits of entropy available)
[    8.689665] random: udevadm: uninitialized urandom read (16 bytes read, 5 bits of entropy available)
[    8.698899] random: udevadm: uninitialized urandom read (16 bytes read, 5 bits of entropy available)
[    8.698946] random: udevadm: uninitialized urandom read (16 bytes read, 5 bits of entropy available)
[    8.699088] random: udevadm: uninitialized urandom read (16 bytes read, 5 bits of entropy available)
[    8.699143] random: udevadm: uninitialized urandom read (16 bytes read, 5 bits of entropy available)
[    8.699193] random: udevadm: uninitialized urandom read (16 bytes read, 5 bits of entropy available)
[    8.699245] random: udevadm: uninitialized urandom read (16 bytes read, 5 bits of entropy available)
[    8.699294] random: udevadm: uninitialized urandom read (16 bytes read, 5 bits of entropy available)
[    8.799923] e1000: Intel(R) PRO/1000 Network Driver - version 7.3.21-k8-NAPI
[    8.802437] e1000: Copyright (c) 1999-2006 Intel Corporation.
[    8.804823] Fusion MPT base driver 3.04.20
[    8.806286] Copyright (c) 1999-2008 LSI Corporation
[    8.825816] AVX2 version of gcm_enc/dec engaged.
[    8.827507] AES CTR mode by8 optimization enabled
[    8.848874] Fusion MPT SPI Host driver 3.04.20
[    9.050681] input: ImExPS/2 Generic Explorer Mouse as /devices/platform/i8042/serio1/input/input4
[    9.249500] e1000 0000:00:03.0 eth0: (PCI:33MHz:32-bit) 02:28:89:27:00:51
[    9.259917] e1000 0000:00:03.0 eth0: Intel(R) PRO/1000 Network Connection
[    9.305652] e1000 0000:00:03.0 enp0s3: renamed from eth0
[    9.323624] mptbase: ioc0: Initiating bringup
[    9.580535] ioc0: LSI53C1030 A0: Capabilities={Initiator}
[   10.645738] scsi host2: ioc0: LSI53C1030 A0, FwRev=00000000h, Ports=1, MaxQ=256, IRQ=20
[   11.311726] scsi 2:0:0:0: Direct-Access     VBOX     HARDDISK         1.0  PQ: 0 ANSI: 5
[   11.324867] scsi target2:0:0: Beginning Domain Validation
[   11.331191] scsi target2:0:0: Domain Validation skipping write tests
[   11.332851] scsi target2:0:0: Ending Domain Validation
[   11.347382] scsi target2:0:0: asynchronous
[   11.349992] scsi 2:0:1:0: Direct-Access     VBOX     HARDDISK         1.0  PQ: 0 ANSI: 5
[   11.375149] scsi target2:0:1: Beginning Domain Validation
[   11.391839] scsi target2:0:1: Domain Validation skipping write tests
[   11.393538] scsi target2:0:1: Ending Domain Validation
[   11.395189] scsi target2:0:1: asynchronous
[   11.415861] sd 2:0:0:0: Attached scsi generic sg0 type 0
[   11.417481] sd 2:0:0:0: [sda] 20971520 512-byte logical blocks: (10.7 GB/10.0 GiB)
[   11.420051] sd 2:0:1:0: Attached scsi generic sg1 type 0
[   11.434826] sd 2:0:1:0: [sdb] 20480 512-byte logical blocks: (10.5 MB/10.0 MiB)
[   11.434875] sd 2:0:0:0: [sda] Write Protect is off
[   11.435081] sd 2:0:0:0: [sda] Incomplete mode parameter data
[   11.435083] sd 2:0:0:0: [sda] Assuming drive cache: write through
[   11.446908]  sda: sda1
[   11.447727] sd 2:0:0:0: [sda] Attached SCSI disk
[   11.503560] sd 2:0:1:0: [sdb] Write Protect is off
[   11.516190] sd 2:0:1:0: [sdb] Incomplete mode parameter data
[   11.517786] sd 2:0:1:0: [sdb] Assuming drive cache: write through
[   11.530219] sd 2:0:1:0: [sdb] Attached SCSI disk
Begin: Loading essential drivers ... [   12.956101] md: linear personality registered for level -1
[   12.974716] md: multipath personality registered for level -4
[   12.979619] md: raid0 personality registered for level 0
[   12.994682] md: raid1 personality registered for level 1
[   13.074609] raid6: sse2x1   gen()  6990 MB/s
[   13.150452] raid6: sse2x1   xor()  5921 MB/s
[   13.230384] raid6: sse2x2   gen()  8070 MB/s
[   13.298465] raid6: sse2x2   xor()  5859 MB/s
[   13.366144] raid6: sse2x4   gen() 10934 MB/s
[   13.442656] raid6: sse2x4   xor()  7561 MB/s
[   13.510223] raid6: avx2x1   gen()  8093 MB/s
[   13.578235] raid6: avx2x2   gen() 12390 MB/s
[   13.654649] raid6: avx2x4   gen() 19065 MB/s
[   13.656473] raid6: using algorithm avx2x4 gen() 19065 MB/s
[   13.658721] raid6: using avx2x2 recovery algorithm
[   13.682367] xor: automatically using best checksumming function:
[   13.726352]    avx       : 23497.000 MB/sec
[   13.739899] async_tx: api initialized (async)
[   13.750328] md: raid6 personality registered for level 6
[   13.754647] md: raid5 personality registered for level 5
[   13.763706] md: raid4 personality registered for level 4
[   13.791125] md: raid10 personality registered for level 10
done.
Begin: Running /scripts/init-premount ... done.
Begin: Mounting root file system ... Begin: Running /scripts/local-top ... done.
Begin: Running /scripts/local-premount ... [   13.830375] Btrfs loaded
Scanning for Btrfs filesystems
done.
Warning: fsck not present, so skipping root file system
[   13.893652] EXT4-fs (sda1): mounted filesystem with ordered data mode. Opts: (null)
done.
Begin: Running /scripts/local-bottom ... done.
Begin: Running /scripts/init-bottom ... done.
[   14.044628] systemd[1]: systemd 229 running in system mode. (+PAM +AUDIT +SELINUX +IMA +APPARMOR +SMACK +SYSVINIT +UTMP +LIBCRYPTSETUP +GCRYPT +GNUTLS +ACL +XZ -LZ4 +SECCOMP +BLKID +ELFUTILS +KMOD -IDN)
[   14.075335] systemd[1]: Detected virtualization oracle.
[   14.093172] systemd[1]: Detected architecture x86-64.

Welcome to [1mUbuntu 16.04.5 LTS[0m!

[   14.102595] systemd[1]: Set hostname to <ubuntu>.
[   14.115360] systemd[1]: Initializing machine ID from random generator.
[   14.135094] systemd[1]: Installed transient /etc/machine-id file.
[   14.416776] systemd[1]: Listening on /dev/initctl Compatibility Named Pipe.
[[0;32m  OK  [0m] Listening on /dev/initctl Compatibility Named Pipe.
[   14.470959] systemd[1]: Listening on LVM2 metadata daemon socket.
[[0;32m  OK  [0m] Listening on LVM2 metadata daemon socket.
[   14.484191] systemd[1]: Listening on LVM2 poll daemon socket.
[[0;32m  OK  [0m] Listening on LVM2 poll daemon socket.
[   14.547584] systemd[1]: Reached target Swap.
[[0;32m  OK  [0m] Reached target Swap.
[   14.557540] systemd[1]: Listening on udev Control Socket.
[[0;32m  OK  [0m] Listening on udev Control Socket.
[   14.561255] systemd[1]: Started Trigger resolvconf update for networkd DNS.
[[0;32m  OK  [0m] Started Trigger resolvconf update for networkd DNS.
[   14.576386] systemd[1]: Created slice System Slice.
[[0;32m  OK  [0m] Created slice System Slice.
[   14.579847] systemd[1]: Created slice User and Session Slice.
[[0;32m  OK  [0m] Created slice User and Session Slice.
[   14.590795] systemd[1]: Reached target Encrypted Volumes.
[[0;32m  OK  [0m] Reached target Encrypted Volumes.
[   14.602769] systemd[1]: Listening on Syslog Socket.
[[0;32m  OK  [0m] Listening on Syslog Socket.
[   14.629911] systemd[1]: Listening on Journal Socket.
[[0;32m  OK  [0m] Listening on Journal Socket.
[   14.654491] systemd[1]: Starting Create list of required static device nodes for the current kernel...
         Starting Create list of required st... nodes for the current kernel...
[   14.731152] systemd[1]: Starting Remount Root and Kernel File Systems...
[   14.740992] EXT4-fs (sda1): re-mounted. Opts: (null)
         Starting Remount Root and Kernel File Systems...
[   14.756043] systemd[1]: Starting Uncomplicated firewall...
         Starting Uncomplicated firewall...
[   14.772455] systemd[1]: Mounting POSIX Message Queue File System...
         Mounting POSIX Message Queue File System...
[   14.792200] systemd[1]: Mounting Huge Pages File System...
         Mounting Huge Pages File System...
[   14.806036] systemd[1]: Listening on Journal Audit Socket.
[[0;32m  OK  [0m] Listening on Journal Audit Socket.
[   14.862847] systemd[1]: Starting Load Kernel Modules...
         Starting Load Kernel Modules...
[   14.868328] systemd[1]: Listening on Device-mapper event daemon FIFOs.
[   14.876944] Loading iSCSI transport class v2.0-870.
[[0;32m  OK  [0m] Listening on Device-mapper event daemon FIFO[   14.894325] iscsi: registered transport (tcp)
s.
[   14.918743] systemd[1]: Starting Monitoring of LVM2 mirrors, snapshots etc. using dmeventd or progress polling...
         Starting Monitoring of LVM2 mirrors... dmeventd or progress polling...
[   14.932092] systemd[1]: Reached target Slices.
[[0;32m  OK  [0m] Reached target Slices.
[   14.944891] iscsi: registered transport (iser)
[   14.967123] systemd[1]: Starting Nameserver information manager...
         Starting Nameserver information manager...
[   15.002721] systemd[1]: Mounting Debug File System...
         Mounting Debug File System...
[   15.022571] systemd[1]: Reached target System Time Synchronized.
[[0;32m  OK  [0m] Reached target System Time Synchronized.
[   15.039370] systemd[1]: Set up automount Arbitrary Executable File Formats File System Automount Point.
[[0;32m  OK  [0m] Set up automount Arbitrary Executab...ats File System Automount Point.
[   15.095930] random: nonblocking pool is initialized
[   15.114818] systemd[1]: Starting Set console keymap...
         Starting Set console keymap...
[   15.122771] systemd[1]: Started Forward Password Requests to Wall Directory Watch.
[[0;32m  OK  [0m] Started Forward Password Requests to Wall Directory Watch.
[   15.127606] systemd[1]: Listening on udev Kernel Socket.
[[0;32m  OK  [0m] Listening on udev Kernel Socket.
[   15.147227] systemd[1]: Created slice system-serial\x2dgetty.slice.
[[0;32m  OK  [0m] Created slice system-serial\x2dgetty.slice.
[   15.161806] systemd[1]: Listening on Journal Socket (/dev/log).
[[0;32m  OK  [0m] Listening on Journal Socket (/dev/log).
[   15.207096] systemd[1]: Starting Journal Service...
         Starting Journal Service...
[   15.230719] systemd[1]: Reached target User and Group Name Lookups.
[[0;32m  OK  [0m] Reached target User and Group Name Lookups.
[   15.252243] systemd[1]: Mounted Debug File System.
[[0;32m  OK  [0m] Mounted Debug File System.
[   15.283304] systemd[1]: Mounted POSIX Message Queue File System.
[[0;32m  OK  [0m] Mounted POSIX Message Queue File System.
[   15.327020] systemd[1]: Mounted Huge Pages File System.
[[0;32m  OK  [0m] Mounted Huge Pages File System.
[   15.369957] systemd[1]: Started Journal Service.
[[0;32m  OK  [0m] Started Journal Service.
[[0;32m  OK  [0m] Started Create list of required sta...ce nodes for the current kernel.
[[0;32m  OK  [0m] Started Remount Root and Kernel File Systems.
[[0;32m  OK  [0m] Started Uncomplicated firewall.
[[0;32m  OK  [0m] Started Load Kernel Modules.
[[0;32m  OK  [0m] Started Set console keymap.
[[0;32m  OK  [0m] Started Nameserver information manager.
[[0;32m  OK  [0m] Started LVM2 metadata daemon.
         Mounting FUSE Control File System...
         Starting Apply Kernel Variables...
         Starting Load/Save Random Seed...
         Starting udev Coldplug all Devices...
         Starting Create Static Device Nodes in /dev...
         Starting Flush Journal to Persistent Storage...
[[0;32m  OK  [0m] Mounted FUSE Control File System.
[[0;32m  OK  [0m] Started Apply Kernel Variables.
[[0;32m  OK  [0m] Started Load/Save Random Seed.
[[0;32m  OK  [0m] Started Create Static Device Nodes in /dev.
[[0;32m  OK  [0m] Started udev Coldplug all Devices.
[[0;32m  OK  [0m] Started Monitoring of LVM2 mirrors,...ng dmeventd or progress polling.
[[0;32m  OK  [0m] Started Flush Journal to Persistent Storage.
         Starting udev Kernel Device Manager...
[[0;32m  OK  [0m] Started udev Kernel Device Manager.
[[0;32m  OK  [0m] Started Dispatch Password Requests to Console Directory Watch.
[[0;32m  OK  [0m] Reached target Local File Systems (Pre).
[[0;32m  OK  [0m] Reached target Local File Systems.
         Starting Create Volatile Files and Directories...
         Starting Commit a transient machine-id on disk...
         Starting Set console font and keymap...
         Starting LSB: AppArmor initialization...
         Starting Initial cloud-init job (pre-networking)...
         Starting Tell Plymouth To Write Out Runtime Data...
[[0;32m  OK  [0m] Started Create Volatile Files and Directories.
[[0;32m  OK  [0m] Started Tell Plymouth To Write Out Runtime Data.
[[0;32m  OK  [0m] Started Commit a transient machine-id on disk.
         Starting Update UTMP about System Boot/Shutdown...
[[0;32m  OK  [0m] Started Update UTMP about System Boot/Shutdown.
[[0;32m  OK  [0m] Found device /dev/ttyS0.
[[0;32m  OK  [0m] Listening on Load/Save RF Kill Switch Status /dev/rfkill Watch.
[[0;32m  OK  [0m] Started LSB: AppArmor initialization.
[   12.842669] cloud-init[479]: Cloud-init v. 18.3-9-g2e62cb8a-0ubuntu1~16.04.2 running 'init-local' at Mon, 15 Oct 2018 16:40:44 +0000. Up 12.34 seconds.
[[0;32m  OK  [0m] Started Set console font and keymap.
[[0;32m  OK  [0m] Started Initial cloud-init job (pre-networking).
[[0;32m  OK  [0m] Reached target Network (Pre).
         Starting Raise network interfaces...
[[0;32m  OK  [0m] Created slice system-getty.slice.
[[0;32m  OK  [0m] Started Raise network interfaces.
         Starting Initial cloud-init job (metadata service crawler)...
[[0;32m  OK  [0m] Reached target Network.
[   15.188566] cloud-init[918]: Cloud-init v. 18.3-9-g2e62cb8a-0ubuntu1~16.04.2 running 'init' at Mon, 15 Oct 2018 16:40:45 +0000. Up 13.63 seconds.
[   15.226453] cloud-init[918]: ci-info: +++++++++++++++++++++++++++++++++++++Net device info+++++++++++++++++++++++++++++++++++++
[   15.251944] cloud-init[918]: ci-info: +--------+------+--------------------------+---------------+--------+-------------------+
[   15.264613] cloud-init[918]: ci-info: | Device |  Up  |         Address          |      Mask     | Scope  |     Hw-Address    |
[   15.278696] cloud-init[918]: ci-info: +--------+------+--------------------------+---------------+--------+-------------------+
[   15.290505] cloud-init[918]: ci-info: | enp0s3 | True |        10.0.2.15         | 255.255.255.0 | global | 02:28:89:27:00:51 |
[   15.304258] cloud-init[918]: ci-info: | enp0s3 | True | fe80::28:89ff:fe27:51/64 |       .       |  link  | 02:28:89:27:00:51 |
[   15.316902] cloud-init[918]: ci-info: |   lo   | True |        127.0.0.1         |   255.0.0.0   |  host  |         .         |
[   15.329281] cloud-init[918]: ci-info: |   lo   | True |         ::1/128          |       .       |  host  |         .         |
[   15.345045] cloud-init[918]: ci-info: +--------+------+--------------------------+---------------+--------+-------------------+
[   15.345438] cloud-init[918]: ci-info: +++++++++++++++++++++++++++Route IPv4 info++++++++++++++++++++++++++++
[   15.345783] cloud-init[918]: ci-info: +-------+-------------+----------+---------------+-----------+-------+
[   15.346081] cloud-init[918]: ci-info: | Route | Destination | Gateway  |    Genmask    | Interface | Flags |
[   15.346443] cloud-init[918]: ci-info: +-------+-------------+----------+---------------+-----------+-------+
[   15.346782] cloud-init[918]: ci-info: |   0   |   0.0.0.0   | 10.0.2.2 |    0.0.0.0    |   enp0s3  |   UG  |
[   15.347100] cloud-init[918]: ci-info: |   1   |   10.0.2.0  | 0.0.0.0  | 255.255.255.0 |   enp0s3  |   U   |
[   15.347416] cloud-init[918]: ci-info: +-------+-------------+----------+---------------+-----------+-------+
[   15.347735] cloud-init[918]: ci-info: +++++++++++++++++++Route IPv6 info+++++++++++++++++++
[   15.348140] cloud-init[918]: ci-info: +-------+-------------+---------+-----------+-------+
[   15.348365] cloud-init[918]: ci-info: | Route | Destination | Gateway | Interface | Flags |
[   15.348808] cloud-init[918]: ci-info: +-------+-------------+---------+-----------+-------+
[   15.349041] cloud-init[918]: ci-info: |   0   |  fe80::/64  |    ::   |   enp0s3  |   U   |
[   15.349353] cloud-init[918]: ci-info: |   3   |   ff00::/8  |    ::   |   enp0s3  |   U   |
[   15.350060] cloud-init[918]: ci-info: +-------+-------------+---------+-----------+-------+
[   15.350309] cloud-init[918]: Generating public/private rsa key pair.
[   15.350694] cloud-init[918]: Your identification has been saved in /etc/ssh/ssh_host_rsa_key.
[   15.350995] cloud-init[918]: Your public key has been saved in /etc/ssh/ssh_host_rsa_key.pub.
[   15.351316] cloud-init[918]: The key fingerprint is:
[   15.351766] cloud-init[918]: SHA256:re/5jcSBAYBZhLWyP4oxSt74/y52eqIgs/YBdsNAkho root@ubuntu-xenial
[   15.352183] cloud-init[918]: The key's randomart image is:
[   15.352416] cloud-init[918]: +---[RSA 2048]----+
[   15.352974] cloud-init[918]: |.o   B=..        |
[[0;32m  OK  [0m] Started Initial cloud-init job (metadata service crawler).
[   15.353966] cloud-init[918]: |E   +  . .       |
[   15.786734] cloud-init[918]: |.o  . .   .      |
[[   15.788004] [0;32m  OK  [0mcloud-init] [918]: Reached target System Initialization.|. o  o   . o     |

[   15.788271] cloud-init[918]: | o +.   S o .    |
[[0;32m  OK  [0m] Started ACPI Events Check.
[   15.857955] cloud-init[918]: |. o ..   . . .   |
[[   15.884618] cloud-init[918]: |ooo.  o .   o    |
[   15.885493] cloud-init[918]: |+=++.= + . o o   |
[0;32m  OK  [0m] Reached target Paths.
[[   15.885989] cloud-init[918]: |+o+==oOo .+.o .  |
[   15.949733] cloud-init[918]: +----[SHA256]-----+
[   15.949993] cloud-init[918]: Generating public/private dsa key pair.
[   15.950370] [0;32m  OK  [0mcloud-init] [918]: Listening on ACPID Listen Socket.Your identification has been saved in /etc/ssh/ssh_host_dsa_key.

[   15.951524] cloud-init[918]: Your public key has been saved in /etc/ssh/ssh_host_dsa_key.pub.
[   15.962612] cloud-init[918]: The key fingerprint is:
[   15.965216] cloud-init[918]: SHA256:PSh0/K+jO+Wi//qcqfwHgkF6Nt4GMnbDc9haGfggwWI root@ubuntu-xenial
[[0;32m  OK  [0m] Started Daily Cleanup of Temporary Directories.
[   15.965500] cloud-init[918]: The key's randomart image is:
[[0;32m  OK  [0m] Listening on D-Bus System Message Bus Socket.
         [   16.005762] cloud-init[918]: +---[DSA 1024]----+
[   16.074936] cloud-init[918]: |   ... .         |
[   16.075302] cloud-init[918]: |  E o +..        |
Starting Socket activation for snappy daemon.
[   16.076176] cloud-init[918]: | . . =.=oo       |
[   16.083696] cloud-init[918]: |    =.%.*+       |
[   16.085588] cloud-init[918]: |   . B.%S +      |
         Starting LXD - unix socket.
[[   16.085961] cloud-init[918]: |      +.+ oo     |
[   16.101489] cloud-init[918]: |       . + ..    |
[   16.101763] cloud-init[918]: |       .o.o+.    |
[0;32m  OK  [0m] Listening on UUID daemon activation socket.
[   16.103882] cloud-init[918]: |      .oB@Oo     |
[   16.118178] cloud-init[918]: +----[SHA256]-----+
[[0;32m  OK  [0m] Started Daily apt download activities.
[[   16.118681] cloud-init[918]: Generating public/private ecdsa key pair.
[0;32m  OK  [0m] Started Daily apt upgrade and clean activities.
[   16.165302] cloud-init[918]: Your identification has been saved in /etc/ssh/ssh_host_ecdsa_key.
[   16.220802] cloud-init[918]: Your public key has been saved in /etc/ssh/ssh_host_ecdsa_key.pub.
[   16.221222] cloud-init[918]: The key fingerprint is:
[[0;32m  OK  [0m] Reached target Timers.
[   16.221702] cloud-init[918]: SHA256:HlPpe7HBMV9KvPeeIehzOpTOFOVi0zpkyG8mQC4Y/Fw root@ubuntu-xenial
[   16.274055] cloud-init[918]: The key's randomart image is:
[[0;32m  OK  [0m] Reached target Cloud-config availability.
[[   16.274550] cloud-init[918]: +---[ECDSA 256]---+
[   16.326152] cloud-init[918]: |  .              |
[   16.327477] cloud-init[918]: |   o   E   . o   |
[   16.328291] cloud-init[918]: |    = + . + * o .|
[   16.328521] cloud-init[918]: |   . + o = O B + |
[   16.328754] cloud-init[918]: |      . S * X + .|
[   16.329023] cloud-init[918]: |       . + @.+ ..|
[   16.329291] cloud-init[918]: |        . X.+. ..|
[   16.329521] cloud-init[918]: |          .* ...o|
[   16.329755] cloud-init[918]: |           o=  ..|
[   16.330019] cloud-init[918]: +----[SHA256]-----+
[   16.330268] cloud-init[918]: Generating public/private ed25519 key pair.
[   16.330501] cloud-init[918]: Your identification has been saved in /etc/ssh/ssh_host_ed25519_key.
[   16.330758] cloud-init[918]: Your public key has been saved in /etc/ssh/ssh_host_ed25519_key.pub.
[   16.330992] cloud-init[918]: The key fingerprint is:
[   16.331261] cloud-init[918]: SHA256:3DZUhR+io64f8uyNe4hoXR7WaOPjQnWuffkEv8r0qBU root@ubuntu-xenial
[   16.331539] cloud-init[918]: The key's randomart image is:
[   16.331793] cloud-init[918]: +--[ED25519 256]--+
[   16.332174] cloud-init[918]: |            .o.  |
[0;32m  OK  [0m] Reached target Network is Online.
[   16.332336] cloud-init[918]: |           .o .  |
[   16.472386] cloud-init[918]: |          .. o . |
[   16.484014] cloud-init[918]: |       ..o+   .  |
[   16.527745] cloud-init[918]: |       .S*+.E    |
         Starting iSCSI initiator daemon (iscsid)...
[   16.541672] cloud-init[918]: |      . O.o. +   |
[   16.576580] cloud-init[918]: |     +.O.*  o.o  |
[   16.590305] cloud-init[918]: |    o ++B+o+o+ . |
[[0;32m  OK  [0m] Listening on Socket activation for snappy daemon.
[[0;32m  OK  [0m] Listening on LXD - unix socket.
[   16.603124] cloud-init[918]: |   .  .*O+oo+o+  |
[   16.640446] cloud-init[918]: +----[SHA256]-----+
[[0;32m  OK  [0m] Reached target Sockets.
[[0;32m  OK  [0m] Reached target Basic System.
[[0;32m  OK  [0m] Started D-Bus System Message Bus.
         Starting Login Service...
         Starting Pollinate to seed the pseudo random number generator...
         Starting LSB: MD monitoring daemon...
[[0;32m  OK  [0m] Started Unattended Upgrades Shutdown.
[[0;32m  OK  [0m] Started FUSE filesystem for LXC.
         Starting LXD - container startup/shutdown...
         Starting Virtualbox guest utils...
         Starting /etc/rc.local Compatibility...
[[0;32m  OK  [0m] Started Deferred execution scheduler.
         Starting Snappy daemon...
[[0;32m  OK  [0m] Started Regular background program processing daemon.
         Starting LSB: Record successful boot for GRUB...
[[0;32m  OK  [0m] Started ACPI event daemon.
         Starting System Logging Service...
         Starting Accounts Service...
[[0;32m  OK  [0m] Started System Logging Service.
[[0;32m  OK  [0m] Started iSCSI initiator daemon (iscsid).
[[0;32m  OK  [0m] Started Pollinate to seed the pseudo random number generator.
[[0;32m  OK  [0m] Started LXD - container startup/shutdown.
[[0;32m  OK  [0m] Started /etc/rc.local Compatibility.
[[0;32m  OK  [0m] Started Snappy daemon.
[[0;32m  OK  [0m] Started LSB: MD monitoring daemon.
[[0;32m  OK  [0m] Started LSB: Record successful boot for GRUB.
[[0;32m  OK  [0m] Started Virtualbox guest utils.
[[0;32m  OK  [0m] Started Login Service.
         Starting Authenticate and Authorize Users to Run Privileged Tasks...
         Starting Wait until snapd is fully seeded...
         Starting OpenBSD Secure Shell server...
         Starting Login to default iSCSI targets...
[[0;32m  OK  [0m] Started OpenBSD Secure Shell server.
[[0;32m  OK  [0m] Started Authenticate and Authorize Users to Run Privileged Tasks.
[[0;32m  OK  [0m] Started Accounts Service.
[[0;32m  OK  [0m] Started Login to default iSCSI targets.
[[0;32m  OK  [0m] Reached target Remote File Systems (Pre).
[[0;32m  OK  [0m] Reached target Remote File Systems.
         Starting LSB: Set the CPU Frequency Scaling governor to "ondemand"...
         Starting Permit User Sessions...
         Starting LSB: daemon to balance interrupts for SMP systems...
         Starting LSB: automatic crash report generation...
[[0;32m  OK  [0m] Started Permit User Sessions.
[[0;32m  OK  [0m] Started LSB: Set the CPU Frequency Scaling governor to "ondemand".
         Starting Terminate Plymouth Boot Screen...
         Starting Hold until boot process finishes up...
[[0;32m  OK  [0m] Started Hold until boot process finishes up.
[[0;32m  OK  [0m] Started LSB: automatic crash report generation.
[[0;32m  OK  [0m] Started Terminate Plymouth Boot Screen.
         Starting Set console scheme...
[[0;32m  OK  [0m] Started Serial Getty on ttyS0.
[[0;32m  OK  [0m] Started Getty on tty1.
[[0;32m  OK  [0m] Reached target Login Prompts.
[[0;32m  OK  [0m] Started LSB: daemon to balance interrupts for SMP systems.
[[0;32m  OK  [0m] Started Set console scheme.
[[0;32m  OK  [0m] Created slice User Slice of vagrant.
         Starting User Manager for UID 1000...
[[0;32m  OK  [0m] Started Session 1 of user vagrant.
[[0;32m  OK  [0m] Started User Manager for UID 1000.
[[0;32m  OK  [0m] Started Wait until snapd is fully seeded.
[[0;32m  OK  [0m] Reached target Multi-User System.
[[0;32m  OK  [0m] Reached target Graphical Interface.
         Starting Update UTMP about System Runlevel Changes...
         Starting Apply the settings specified in cloud-config...
[[0;32m  OK  [0m] Started Update UTMP about System Runlevel Changes.
[   19.939623] cloud-init[1339]: Generating locales (this might take a while)...
         Stopping User Manager for UID 1000...
[[0;32m  OK  [0m] Stopped User Manager for UID 1000.
[[0;32m  OK  [0m] Removed slice User Slice of vagrant.
[[0;32m  OK  [0m] Created slice User Slice of vagrant.
         Starting User Manager for UID 1000...
[[0;32m  OK  [0m] Started Session 2 of user vagrant.
[[0;32m  OK  [0m] Started User Manager for UID 1000.
[   21.156799] cloud-init[1339]:   en_US.UTF-8... done
[   21.172867] cloud-init[1339]: Generation complete.
[   21.673033] cloud-init[1339]: Cloud-init v. 18.3-9-g2e62cb8a-0ubuntu1~16.04.2 running 'modules:config' at Mon, 15 Oct 2018 16:40:51 +0000. Up 19.73 seconds.
[[0;32m  OK  [0m] Started Apply the settings specified in cloud-config.
         Starting Execute cloud user/final scripts...
ci-info: no authorized ssh keys fingerprints found for user ubuntu.
<14>Oct 15 16:40:54 ec2: 
<14>Oct 15 16:40:54 ec2: #############################################################
<14>Oct 15 16:40:54 ec2: -----BEGIN SSH HOST KEY FINGERPRINTS-----
<14>Oct 15 16:40:54 ec2: 1024 SHA256:PSh0/K+jO+Wi//qcqfwHgkF6Nt4GMnbDc9haGfggwWI root@ubuntu-xenial (DSA)
<14>Oct 15 16:40:54 ec2: 256 SHA256:HlPpe7HBMV9KvPeeIehzOpTOFOVi0zpkyG8mQC4Y/Fw root@ubuntu-xenial (ECDSA)
<14>Oct 15 16:40:54 ec2: 256 SHA256:3DZUhR+io64f8uyNe4hoXR7WaOPjQnWuffkEv8r0qBU root@ubuntu-xenial (ED25519)
<14>Oct 15 16:40:54 ec2: 2048 SHA256:re/5jcSBAYBZhLWyP4oxSt74/y52eqIgs/YBdsNAkho root@ubuntu-xenial (RSA)
<14>Oct 15 16:40:54 ec2: -----END SSH HOST KEY FINGERPRINTS-----
<14>Oct 15 16:40:54 ec2: #############################################################
-----BEGIN SSH HOST KEY KEYS-----
ecdsa-sha2-nistp256 AAAAE2VjZHNhLXNoYTItbmlzdHAyNTYAAAAIbmlzdHAyNTYAAABBBN5BRbyfCtFx6V8SHK3rCVgqeVgRpUs+eGauDyXDm1FXC9pHegsNEn61d97vZbUMF4zyEYF9oglDxD7xKYkW18U= root@ubuntu-xenial
ssh-ed25519 AAAAC3NzaC1lZDI1NTE5AAAAIKqkMaqXDZGY3DuXTxXCDJHioM+hCuRF2LLtstyeJP4+ root@ubuntu-xenial
ssh-rsa AAAAB3NzaC1yc2EAAAADAQABAAABAQC//QSrvyxFea0DcZ4iOMBU6hIOsTWwJCWYEVKDRQc0K1d+1oE5gJofNkyj26z/b+z7rVzzn7OrFTRbVQ0Tj+J8Dzlsj1nDQZs3hmMAs1hbOQHMlr2uuHcMXZErL+miF2l1epVolHrkkQrakWeWdc6gCJFp9tsb2HDmXR9s9K4M4NkdplsSCyyfcG0p/dx/XhgzS9g5gjSXfB3J+jFc6P8So9otZokgQvYuCpKaZT3kC9JLz+GW3uUPSN1eNVpaHqDB7jyLuRNeUqnpnLDDPjkVsx2zmabsGsFIXSl5va6sTPV8DHbwWcyZnYSIiL4+rc0E0nwsyl9gsKC6AgsDRRNt root@ubuntu-xenial
-----END SSH HOST KEY KEYS-----
[   23.237205] cloud-init[1532]: Cloud-init v. 18.3-9-g2e62cb8a-0ubuntu1~16.04.2 running 'modules:final' at Mon, 15 Oct 2018 16:40:54 +0000. Up 22.54 seconds.
[   23.237608] cloud-init[1532]: ci-info: no authorized ssh keys fingerprints found for user ubuntu.
[   23.237954] cloud-init[1532]: Cloud-init v. 18.3-9-g2e62cb8a-0ubuntu1~16.04.2 finished at Mon, 15 Oct 2018 16:40:55 +0000. Datasource DataSourceNoCloud [seed=/dev/sdb][dsmode=net].  Up 23.20 seconds

Ubuntu 16.04.5 LTS ubuntu-xenial ttyS0

ubuntu-xenial login: 